
> tesla-news-timeline@0.0.1 dev
> vite


  VITE v4.5.14  ready in 141 ms

  ➜  Local:   http://localhost:5173/
  ➜  Network: use --host to expose
上午2:53:45 [vite] page reload src/TeslaNewsTimeline.jsx
上午2:53:47 [vite] ✨ new dependencies optimized: react-router-dom
上午2:53:47 [vite] ✨ optimized dependencies changed. reloading
上午2:53:56 [vite] page reload src/TeslaNewsTimeline.jsx
上午2:54:15 [vite] page reload src/App.jsx
上午2:54:47 [vite] page reload src/main.jsx
上午3:12:26 [vite] page reload src/App.jsx
上午3:12:34 [vite] page reload src/App.jsx
上午3:12:51 [vite] page reload src/App.jsx
上午3:16:07 [vite] page reload src/App.jsx
上午3:16:25 [vite] page reload src/TeslaNewsTimeline.jsx
上午3:16:42 [vite] page reload src/TeslaNewsTimeline.jsx
上午3:17:44 [vite] page reload src/TeslaNewsTimeline.jsx
上午3:20:32 [vite] page reload src/App.jsx
上午3:20:53 [vite] page reload src/components/AdminPanel.jsx
上午3:21:05 [vite] page reload src/components/AdminPanel.jsx
上午3:21:24 [vite] page reload src/components/AdminPanel.jsx
上午3:21:36 [vite] page reload src/components/AdminPanel.jsx
上午3:21:55 [vite] page reload src/TeslaNewsTimeline.jsx
上午3:22:26 [vite] page reload src/TeslaNewsTimeline.jsx
上午3:23:40 [vite] page reload src/TeslaNewsTimeline.jsx
上午3:29:41 [vite] page reload src/components/AdminPanel.jsx
上午3:30:17 [vite] page reload src/App.jsx
上午3:30:24 [vite] page reload src/App.jsx
上午3:30:40 [vite] page reload src/components/AdminPanel.jsx
上午3:31:02 [vite] page reload src/components/AdminPanel.jsx
上午3:31:26 [vite] page reload src/components/AdminPanel.jsx
上午3:34:36 [vite] page reload src/components/AdminPanel.jsx
上午3:34:53 [vite] page reload src/components/AdminPanel.jsx
上午3:35:04 [vite] page reload src/components/AdminPanel.jsx
上午3:35:30 [vite] page reload src/components/AdminPanel.jsx
上午3:36:02 [vite] page reload src/components/AdminPanel.jsx
上午3:36:17 [vite] page reload src/components/AdminPanel.jsx
上午3:38:09 [vite] page reload src/components/AdminPanel.jsx
上午3:38:27 [vite] page reload src/components/AdminPanel.jsx
上午3:38:47 [vite] page reload src/components/AdminPanel.jsx
上午3:38:57 [vite] page reload src/components/AdminPanel.jsx
上午3:39:16 [vite] page reload src/components/AdminPanel.jsx
上午3:39:27 [vite] page reload src/components/AdminPanel.jsx
上午3:39:39 [vite] page reload src/components/AdminPanel.jsx
上午3:39:50 [vite] page reload src/components/AdminPanel.jsx
上午3:41:47 [vite] page reload src/TeslaNewsTimeline.jsx
上午3:41:57 [vite] page reload src/TeslaNewsTimeline.jsx
上午3:42:37 [vite] page reload src/TeslaNewsTimeline.jsx
上午3:42:59 [vite] page reload src/components/AdminPanel.jsx
上午3:43:25 [vite] page reload src/components/AdminPanel.jsx
上午3:43:57 [vite] page reload src/components/AdminPanel.jsx
上午3:44:15 [vite] page reload src/components/AdminPanel.jsx
上午3:44:33 [vite] page reload src/components/AdminPanel.jsx
上午3:46:46 [vite] page reload src/components/AdminPanel.jsx
上午3:56:54 [vite] page reload src/components/AdminPanel.jsx
上午3:57:55 [vite] page reload src/App.jsx
上午3:58:03 [vite] page reload src/App.jsx
上午3:58:15 [vite] page reload src/components/AdminPanel.jsx
上午3:58:26 [vite] page reload src/components/AdminPanel.jsx
上午4:00:21 [vite] page reload src/components/AdminPanel.jsx
上午4:04:21 [vite] page reload src/TeslaNewsTimeline.jsx
上午4:04:40 [vite] page reload src/TeslaNewsTimeline.jsx
上午4:05:03 [vite] page reload src/TeslaNewsTimeline.jsx
上午4:05:26 [vite] page reload src/TeslaNewsTimeline.jsx
